[0m[[0m[0mdebug[0m] [0m[0m> Exec(early(addDefaultCommands), None, None)[0m
[0m[[0m[0mdebug[0m] [0m[0m> Exec(addDefaultCommands, None, None)[0m
[0m[[0m[0mdebug[0m] [0m[0m> Exec(early(initialize), None, None)[0m
[0m[[0m[0mdebug[0m] [0m[0m> Exec(initialize, None, None)[0m
[0m[[0m[0mdebug[0m] [0m[0m> Exec(boot, None, None)[0m
[0m[[0m[0mdebug[0m] [0m[0m> Exec(writeSbtVersion, None, None)[0m
[0m[[0m[0mdebug[0m] [0m[0m> Exec(reload, None, None)[0m
[0m[[0m[0mdebug[0m] [0m[0m> Exec(sbtStashOnFailure, None, None)[0m
[0m[[0m[0mdebug[0m] [0m[0m> Exec(onFailure loadFailed, None, None)[0m
[0m[[0m[0mdebug[0m] [0m[0m> Exec(loadp, None, None)[0m
[0m[[0m[0minfo[0m] [0m[0mwelcome to sbt 1.4.7 (Oracle Corporation Java 14.0.1)[0m
[0m[[0m[0mdebug[0m] [0m[0mLoad.defaultLoad until apply took 469.226973ms[0m
[0m[[0m[0mdebug[0m] [0m[0m          Load.loadUnit: plugins took 73.701742ms[0m
[0m[[0m[0mdebug[0m] [0m[0m          Load.loadUnit: defsScala took 0.253354ms[0m
[0m[[0m[0mdebug[0m] [0m[0m[Loading] Scanning directory /mnt/vocwork3/ddd_v1_w_6VV_1388132/asn1085224_1/asn1085225_1/work/project[0m
[0m[[0m[0mdebug[0m] [0m[0m[Loading] Found non-root projects [0m
[0m[[0m[0mdebug[0m] [0m[0m[Loading] Done in /mnt/vocwork3/ddd_v1_w_6VV_1388132/asn1085224_1/asn1085225_1/work/project, returning: ()[0m
[0m[[0m[0mdebug[0m] [0m[0mdeducing auto plugins based on known facts Set(Atom(sbt.plugins.CorePlugin)) and clauses Clauses(List(Clause(Atom(sbt.plugins.JvmPlugin),Set(Atom(sbt.plugins.IvyPlugin))), Clause(Atom(sbt.ScriptedPlugin),Set(Atom(sbt.plugins.JvmPlugin))), Clause(Atom(sbt.plugins.SbtPlugin),Set(Atom(sbt.ScriptedPlugin))), Clause(Atom(sbt.plugins.SemanticdbPlugin),Set(Atom(sbt.plugins.JvmPlugin))), Clause(Atom(sbt.plugins.JUnitXmlReportPlugin),Set(Atom(sbt.plugins.JvmPlugin))), Clause(Atom(sbt.plugins.MiniDependencyTreePlugin),Set(Atom(sbt.plugins.JvmPlugin))), Clause(Atom(sbt.plugins.CorePlugin),Set(Atom(sbt.plugins.IvyPlugin))), Clause(Atom(sbt.plugins.IvyPlugin),Set(Atom(sbt.plugins.JvmPlugin))), Clause(Atom(sbt.plugins.JvmPlugin),Set(Atom(sbt.plugins.SemanticdbPlugin))), Clause(Atom(sbt.plugins.JvmPlugin),Set(Atom(sbt.plugins.JUnitXmlReportPlugin))), Clause(Atom(sbt.plugins.CorePlugin),Set(Atom(sbt.plugins.Giter8TemplatePlugin))), Clause(Atom(sbt.plugins.JvmPlugin),Set(Atom(sbt.plugins.MiniDependencyTreePlugin)))))[0m
[0m[[0m[0mdebug[0m] [0m[0m  :: deduced result: Matched(sbt.plugins.CorePlugin,sbt.plugins.Giter8TemplatePlugin,sbt.plugins.IvyPlugin,sbt.plugins.JvmPlugin,sbt.plugins.MiniDependencyTreePlugin,sbt.plugins.JUnitXmlReportPlugin,sbt.plugins.SemanticdbPlugin)[0m
[0m[[0m[0mdebug[0m] [0m[0mPlugins.deducer#function took 20.219896 ms[0m
[0m[[0m[0mdebug[0m] [0m[0m              Load.resolveProject(work-build) took 39.000777ms[0m
[0m[[0m[0mdebug[0m] [0m[0m            Load.loadTransitive: finalizeProject(Project(id work-build, base: /mnt/vocwork3/ddd_v1_w_6VV_1388132/asn1085224_1/asn1085225_1/work/project, plugins: List(<none>))) took 77.402389ms[0m
[0m[[0m[0mdebug[0m] [0m[0m[Loading] Done in /mnt/vocwork3/ddd_v1_w_6VV_1388132/asn1085224_1/asn1085225_1/work/project, returning: (work-build)[0m
[0m[[0m[0mdebug[0m] [0m[0m          Load.loadUnit: loadedProjectsRaw took 95.900082ms[0m
[0m[[0m[0mdebug[0m] [0m[0m          Load.loadUnit: cleanEvalClasses took 0.21814ms[0m
[0m[[0m[0mdebug[0m] [0m[0m        Load.loadUnit(file:/mnt/vocwork3/ddd_v1_w_6VV_1388132/asn1085224_1/asn1085225_1/work/project/, ...) took 174.788575ms[0m
[0m[[0m[0mdebug[0m] [0m[0m      Load.apply: load took 376.271436ms[0m
[0m[[0m[0mdebug[0m] [0m[0m      Load.apply: resolveProjects took 5.83025ms[0m
[0m[[0m[0mdebug[0m] [0m[0m      Load.apply: finalTransforms took 79.22719ms[0m
[0m[[0m[0mdebug[0m] [0m[0m      Load.apply: config.delegates took 8.923411ms[0m
[0m[[0m[0mdebug[0m] [0m[0m      Load.apply: Def.make(settings)... took 371.731773ms[0m
[0m[[0m[0mdebug[0m] [0m[0m      Load.apply: structureIndex took 97.840628ms[0m
[0m[[0m[0mdebug[0m] [0m[0m      Load.apply: mkStreams took 1.412939ms[0m
[0m[[0m[0minfo[0m] [0m[0mloading project definition from /mnt/vocwork3/ddd_v1_w_6VV_1388132/asn1085224_1/asn1085225_1/work/project[0m
[0m[[0m[0mdebug[0m] [0m[0mRunning task... Cancel: Signal, check cycles: false, forcegc: true[0m
[0m[[0m[0mdebug[0m] [0m[0m    Load.loadUnit: plugins took 1942.513171ms[0m
[0m[[0m[0mdebug[0m] [0m[0m    Load.loadUnit: defsScala took 0.003712ms[0m
[0m[[0m[0mdebug[0m] [0m[0m[Loading] Scanning directory /mnt/vocwork3/ddd_v1_w_6VV_1388132/asn1085224_1/asn1085225_1/work[0m
[0m[[0m[0mdebug[0m] [0m[0m      Load.loadUnit: mkEval took 6.394552ms[0m
[0m[[0m[0mdebug[0m] [0m[0m[Loading] Found non-root projects [0m
[0m[[0m[0mdebug[0m] [0m[0m[Loading] Done in /mnt/vocwork3/ddd_v1_w_6VV_1388132/asn1085224_1/asn1085225_1/work, returning: ()[0m
[0m[[0m[0mdebug[0m] [0m[0mdeducing auto plugins based on known facts Set(Atom(sbt.plugins.CorePlugin)) and clauses Clauses(List(Clause(Atom(sbt.plugins.JvmPlugin),Set(Atom(sbt.plugins.IvyPlugin))), Clause(Atom(sbt.ScriptedPlugin),Set(Atom(sbt.plugins.JvmPlugin))), Clause(Atom(sbt.plugins.SbtPlugin),Set(Atom(sbt.ScriptedPlugin))), Clause(Atom(sbt.plugins.SemanticdbPlugin),Set(Atom(sbt.plugins.JvmPlugin))), Clause(Atom(sbt.plugins.JUnitXmlReportPlugin),Set(Atom(sbt.plugins.JvmPlugin))), Clause(Atom(sbt.plugins.MiniDependencyTreePlugin),Set(Atom(sbt.plugins.JvmPlugin))), Clause(Atom(sbt.plugins.CorePlugin),Set(Atom(sbt.plugins.IvyPlugin))), Clause(Atom(sbt.plugins.IvyPlugin),Set(Atom(sbt.plugins.JvmPlugin))), Clause(Atom(sbt.plugins.JvmPlugin),Set(Atom(sbt.plugins.SemanticdbPlugin))), Clause(Atom(sbt.plugins.JvmPlugin),Set(Atom(sbt.plugins.JUnitXmlReportPlugin))), Clause(Atom(sbt.plugins.CorePlugin),Set(Atom(sbt.plugins.Giter8TemplatePlugin))), Clause(Atom(sbt.plugins.JvmPlugin),Set(Atom(sbt.plugins.MiniDependencyTreePlugin)))))[0m
[0m[[0m[0mdebug[0m] [0m[0m  :: deduced result: Matched(sbt.plugins.CorePlugin,sbt.plugins.Giter8TemplatePlugin,sbt.plugins.IvyPlugin,sbt.plugins.JvmPlugin,sbt.plugins.MiniDependencyTreePlugin,sbt.plugins.JUnitXmlReportPlugin,sbt.plugins.SemanticdbPlugin)[0m
[0m[[0m[0mdebug[0m] [0m[0mPlugins.deducer#function took 2.057541 ms[0m
[0m[[0m[0minfo[0m] [0m[0mloading settings for project work from build.sbt,build_task1.sbt,hw1.sbt ...[0m
[0m[[0m[0mdebug[0m] [0m[0m        Load.resolveProject(work) took 13.097049ms[0m
[0m[[0m[0mdebug[0m] [0m[0m      Load.loadTransitive: finalizeProject(Project(id work, base: /mnt/vocwork3/ddd_v1_w_6VV_1388132/asn1085224_1/asn1085225_1/work, plugins: List(<none>))) took 15.907602ms[0m
[0m[[0m[0mdebug[0m] [0m[0m[Loading] Done in /mnt/vocwork3/ddd_v1_w_6VV_1388132/asn1085224_1/asn1085225_1/work, returning: (work)[0m
[0m[[0m[0mdebug[0m] [0m[0m    Load.loadUnit: loadedProjectsRaw took 1950.567988ms[0m
[0m[[0m[0mdebug[0m] [0m[0m    Load.loadUnit: cleanEvalClasses took 22.63491ms[0m
[0m[[0m[0mdebug[0m] [0m[0m  Load.loadUnit(file:/mnt/vocwork3/ddd_v1_w_6VV_1388132/asn1085224_1/asn1085225_1/work/, ...) took 3917.003471ms[0m
[0m[[0m[0mdebug[0m] [0m[0mLoad.apply: load took 3934.87528ms[0m
[0m[[0m[0mdebug[0m] [0m[0mLoad.apply: resolveProjects took 0.18919ms[0m
[0m[[0m[0mdebug[0m] [0m[0mLoad.apply: finalTransforms took 14.43292ms[0m
[0m[[0m[0mdebug[0m] [0m[0mLoad.apply: config.delegates took 0.713508ms[0m
[0m[[0m[0mdebug[0m] [0m[0mLoad.apply: Def.make(settings)... took 142.38396ms[0m
[0m[[0m[0mdebug[0m] [0m[0mLoad.apply: structureIndex took 668661.759856ms[0m
[0m[[0m[0mdebug[0m] [0m[0mLoad.apply: mkStreams took 0.004775ms[0m
[0m[[0m[0minfo[0m] [0m[0mset current project to hw1 (in build file:/mnt/vocwork3/ddd_v1_w_6VV_1388132/asn1085224_1/asn1085225_1/work/)[0m
